[main 5369429] chore: automated update 2026-03-12 09:00
 5 files changed, 8 insertions(+)
 create mode 100644 automation.log
To github.com:raffik11/teste1.git
   ac36c1b..5369429  main -> main
--- 4 FICHIERS MODIFIES ---
--- SYNC GIT REUSSIE ---
--- JOURNÉE SANS CODE (Aléatoire) ---
[main 5369664] chore: daily update 2026-03-12 12:23
 6 files changed, 11 insertions(+)
To github.com:raffik11/teste1.git
 ! [rejected]        main -> main (fetch first)
error: failed to push some refs to 'github.com:raffik11/teste1.git'
hint: Updates were rejected because the remote contains work that you do
hint: not have locally. This is usually caused by another repository pushing
hint: to the same ref. You may want to first integrate the remote changes
hint: (e.g., 'git pull ...') before pushing again.
hint: See the 'Note about fast-forwards' in 'git push --help' for details.
Sélection aléatoire : 5 fichiers sélectionnés sur 6
  [OK] Modifié : ./head.php
  [OK] Modifié : ./index.php
  [OK] Modifié : ./menu.php
  [OK] Modifié : ./style.css
  [OK] Modifié : ./scrypt.js
Total : 5 fichiers modifiés.
--- ERREUR GIT : Command '['git', 'push']' returned non-zero exit status 1. ---
--- JOURNÉE SANS CODE (Aléatoire) ---
--- JOURNÉE SANS CODE (Aléatoire) ---
--- JOURNÉE SANS CODE (Aléatoire) ---
--- JOURNÉE SANS CODE (Aléatoire) ---
[main 2b256a6] chore: daily update 2026-03-13 10:53
 7 files changed, 13 insertions(+)
To github.com:raffik11/teste1.git
   30b252d..2b256a6  main -> main
Sélection aléatoire : 6 fichiers sélectionnés sur 6
  [OK] Modifié : ./index.php
  [OK] Modifié : ./scrypt.js
  [OK] Modifié : ./head.php
  [OK] Modifié : ./style.css
  [OK] Modifié : ./menu.php
  [OK] Modifié : ./footer.php
Total : 6 fichiers modifiés.
--- SYNC GIT REUSSIE ---
